<?xml version="1.0" encoding="UTF-8"?>
<testng-results ignored="0" total="1" passed="1" failed="0" skipped="0">
  <reporter-output>
  </reporter-output>
  <suite started-at="2021-12-31T02:23:30 EST" name="Default suite" finished-at="2021-12-31T02:23:32 EST" duration-ms="1874">
    <groups>
    </groups>
    <test started-at="2021-12-31T02:23:30 EST" name="Default test" finished-at="2021-12-31T02:23:32 EST" duration-ms="1874">
      <class name="testCases.CreateAProduct">
        <test-method signature="create_A_Product()[pri:0, instance:testCases.CreateAProduct@1b1473ab]" started-at="2021-12-31T02:23:30 EST" name="create_A_Product" finished-at="2021-12-31T02:23:32 EST" duration-ms="1845" status="PASS">
          <reporter-output>
          </reporter-output>
        </test-method> <!-- create_A_Product -->
      </class> <!-- testCases.CreateAProduct -->
    </test> <!-- Default test -->
  </suite> <!-- Default suite -->
</testng-results>
