<?xml version="1.0" encoding="UTF-8"?>
<testng-results ignored="0" total="1" passed="1" failed="0" skipped="0">
  <reporter-output>
  </reporter-output>
  <suite started-at="2021-12-31T03:35:53 EST" name="Default suite" finished-at="2021-12-31T03:35:55 EST" duration-ms="2281">
    <groups>
    </groups>
    <test started-at="2021-12-31T03:35:53 EST" name="Default test" finished-at="2021-12-31T03:35:55 EST" duration-ms="2281">
      <class name="testCases.DeleteAProduct">
        <test-method signature="delete_A_Product()[pri:0, instance:testCases.DeleteAProduct@1b1473ab]" started-at="2021-12-31T03:35:53 EST" name="delete_A_Product" finished-at="2021-12-31T03:35:55 EST" duration-ms="2256" status="PASS">
          <reporter-output>
          </reporter-output>
        </test-method> <!-- delete_A_Product -->
      </class> <!-- testCases.DeleteAProduct -->
    </test> <!-- Default test -->
  </suite> <!-- Default suite -->
</testng-results>
